2015/02/13 11:43:15 [error] [exception.CDbException] exception 'CDbException' with message 'CDbConnection failed to open the DB connection: SQLSTATE[28000] [1045] Access denied for user 'root'@'localhost' (using password: YES)' in /var/www/html/yii1116/framework/db/CDbConnection.php:399
Stack trace:
#0 /var/www/html/yii1116/framework/db/CDbConnection.php(347): CDbConnection->open()
#1 /var/www/html/yii1116/framework/db/CDbConnection.php(325): CDbConnection->setActive(true)
#2 /var/www/html/yii1116/framework/base/CModule.php(394): CDbConnection->init()
#3 /var/www/html/yii1116/framework/base/CApplication.php(458): CModule->getComponent('db')
#4 /var/www/html/yii1116/framework/db/ar/CActiveRecord.php(637): CApplication->getDb()
#5 /var/www/html/yii1116/framework/db/ar/CActiveRecord.php(1433): CActiveRecord->getDbConnection()
#6 /var/www/html/yii1116/framework/db/ar/CActiveRecord.php(1489): CActiveRecord->getTableAlias(true)
#7 /var/www/html/mynutridiari/protected/controllers/SiteController.php(21): CActiveRecord->findByPk(133)
#8 /var/www/html/yii1116/framework/web/actions/CInlineAction.php(49): SiteController->actionIndex()
#9 /var/www/html/yii1116/framework/web/CController.php(308): CInlineAction->runWithParams(Array)
#10 /var/www/html/yii1116/framework/web/CController.php(286): CController->runAction(Object(CInlineAction))
#11 /var/www/html/yii1116/framework/web/CController.php(265): CController->runActionWithFilters(Object(CInlineAction), Array)
#12 /var/www/html/yii1116/framework/web/CWebApplication.php(282): CController->run('')
#13 /var/www/html/yii1116/framework/web/CWebApplication.php(141): CWebApplication->runController('')
#14 /var/www/html/yii1116/framework/base/CApplication.php(184): CWebApplication->processRequest()
#15 /var/www/html/mynutridiari/index.php(13): CApplication->run()
#16 {main}
REQUEST_URI=/mynutridiari/
---
2015/02/13 11:43:15 [error] [exception.CDbException] exception 'CDbException' with message 'CDbConnection failed to open the DB connection: SQLSTATE[28000] [1045] Access denied for user 'root'@'localhost' (using password: YES)' in /var/www/html/yii1116/framework/db/CDbConnection.php:399
Stack trace:
#0 /var/www/html/yii1116/framework/db/CDbConnection.php(347): CDbConnection->open()
#1 /var/www/html/yii1116/framework/db/CDbConnection.php(325): CDbConnection->setActive(true)
#2 /var/www/html/yii1116/framework/base/CModule.php(394): CDbConnection->init()
#3 /var/www/html/yii1116/framework/base/CApplication.php(458): CModule->getComponent('db')
#4 /var/www/html/yii1116/framework/db/ar/CActiveRecord.php(637): CApplication->getDb()
#5 /var/www/html/yii1116/framework/db/ar/CActiveRecord.php(1433): CActiveRecord->getDbConnection()
#6 /var/www/html/yii1116/framework/db/ar/CActiveRecord.php(1489): CActiveRecord->getTableAlias(true)
#7 /var/www/html/mynutridiari/protected/controllers/SiteController.php(21): CActiveRecord->findByPk(133)
#8 /var/www/html/yii1116/framework/web/actions/CInlineAction.php(49): SiteController->actionIndex()
#9 /var/www/html/yii1116/framework/web/CController.php(308): CInlineAction->runWithParams(Array)
#10 /var/www/html/yii1116/framework/web/CController.php(286): CController->runAction(Object(CInlineAction))
#11 /var/www/html/yii1116/framework/web/CController.php(265): CController->runActionWithFilters(Object(CInlineAction), Array)
#12 /var/www/html/yii1116/framework/web/CWebApplication.php(282): CController->run('')
#13 /var/www/html/yii1116/framework/web/CWebApplication.php(141): CWebApplication->runController('')
#14 /var/www/html/yii1116/framework/base/CApplication.php(184): CWebApplication->processRequest()
#15 /var/www/html/mynutridiari/index.php(13): CApplication->run()
#16 {main}
REQUEST_URI=/mynutridiari/
---
